        -:    0:Source:atom_supplier.cpp
        -:    0:Graph:atom_supplier.gcno
        -:    0:Data:atom_supplier.gcda
        -:    0:Runs:4
        -:    1:#include <iostream>
        -:    2:#include <cstring>
        -:    3:#include <unistd.h>
        -:    4:#include <arpa/inet.h>
        -:    5:#include <sys/socket.h>
        -:    6:#include <netdb.h> // Required for getaddrinfo
        -:    7:
        4:    8:int main(int argc, char *argv[])
        -:    9:{
        -:   10:
        -:   11:    // With the address of the server and our port:
        4:   12:    if (argc != 3)
        -:   13:    {
        1:   14:        std::cerr << "Usage: " << argv[0] << " <host> <port>\n";
        1:   15:        return 1;
        -:   16:    }
        -:   17:
        3:   18:    const char *server_ip = argv[1]; // Our server's address
        3:   19:    const char *port_str = argv[2];  // Our port (as string for getaddrinfo)
        -:   20:
        -:   21:    // Define the server's address using getaddrinfo:
        3:   22:    struct addrinfo hints{}, *res;
        3:   23:    hints.ai_family = AF_INET;       // IPv4 only
        3:   24:    hints.ai_socktype = SOCK_STREAM; // TCP
        -:   25:
        3:   26:    int status = getaddrinfo(server_ip, port_str, &hints, &res);
        3:   27:    if (status != 0)
        -:   28:    {
    #####:   29:        std::cerr << "getaddrinfo error: " << gai_strerror(status) << "\n";
    #####:   30:        return 1;
        -:   31:    }
        -:   32:
        -:   33:    // Creating the socket TCP:
        3:   34:    int sock = socket(res->ai_family, res->ai_socktype, res->ai_protocol);
        3:   35:    if (sock < 0)
        -:   36:    {
    #####:   37:        perror("socket failed");
    #####:   38:        freeaddrinfo(res);
    #####:   39:        return 1;
        -:   40:    }
        -:   41:
        3:   42:    if (connect(sock, res->ai_addr, res->ai_addrlen) < 0)
        -:   43:    {
    #####:   44:        perror("Connection failed");
    #####:   45:        freeaddrinfo(res);
    #####:   46:        return 1;
        -:   47:    }
        -:   48:
        3:   49:    std::cout << "Connected to server at " << server_ip << ":" << port_str << "\n";
        3:   50:    freeaddrinfo(res); // We no longer need the addrinfo result
        -:   51:
        -:   52:    while (true)
        -:   53:    {
        -:   54:        // Request a command from the user:
       10:   55:        std::cout << "Enter command (e.g., ADD HYDROGEN 3 or EXIT): ";
       10:   56:        std::string command;
       10:   57:        std::getline(std::cin, command);
        -:   58:
        -:   59:        // EXIT --> Terminates the program:
       10:   60:        if (command == "EXIT")
        -:   61:        {
        2:   62:            std::cout << "Closing connection. Bye!\n";
        2:   63:            break;
        -:   64:        }
        -:   65:
        8:   66:        command += '\n'; // Adding newline to match server expectations
        -:   67:
        -:   68:        // Sending command to the server:
        8:   69:        ssize_t bytes_sent = send(sock, command.c_str(), command.size(), 0);
        8:   70:        if (bytes_sent < 0)
        -:   71:        {
    #####:   72:            perror("Send failed");
    #####:   73:            break;
        -:   74:        }
        -:   75:
        -:   76:        // Getting response from the server:
        8:   77:        char buffer[1024] = {0};
        8:   78:        ssize_t bytes_received = recv(sock, buffer, sizeof(buffer) - 1, 0);
        8:   79:        if (bytes_received <= 0) {
        1:   80:            std::cerr << "Failed to receive response from server\n";
        1:   81:            break;
        -:   82:        }
        7:   83:        buffer[bytes_received] = '\0';
        7:   84:        std::cout << "Server returned: " << buffer << "\n";
        -:   85:
       17:   86:            }
        -:   87:
        3:   88:    close(sock);
        3:   89:    return 0;
        -:   90:}
